Remember that you can report errors and get help in https://github.com/NicoSantangelo/sublime-gulp

03-29-2016 23:45:
C:\Users\Банда\AppData\Roaming\Sublime Text 3\Packages\Gulp\write_tasks_to_cache.js:31
        throw ex;
        ^

Error: Cannot find module 'gulp'
    at Function.Module._resolveFilename (module.js:339:15)
    at Function.Module._load (module.js:290:25)
    at Module.require (module.js:367:17)
    at require (internal/module.js:16:19)
    at Object.<anonymous> (C:\Users\Банда\Desktop\bootstrap_PSD\start_html-master\start_html-master\_optimized_gulp_sass\.sublime-gulp-tmp.js:1:82)
    at Module._compile (module.js:413:34)
    at Object.Module._extensions..js (module.js:422:10)
    at Module.load (module.js:357:32)
    at Function.Module._load (module.js:314:12)
    at Module.require (module.js:367:17)


03-29-2016 23:47:
C:\Users\Банда\AppData\Roaming\Sublime Text 3\Packages\Gulp\write_tasks_to_cache.js:31
        throw ex;
        ^

Error: Cannot find module 'gulp'
    at Function.Module._resolveFilename (module.js:339:15)
    at Function.Module._load (module.js:290:25)
    at Module.require (module.js:367:17)
    at require (internal/module.js:16:19)
    at Object.<anonymous> (C:\Users\Банда\Desktop\bootstrap_PSD\start_html-master\start_html-master\_optimized_gulp_sass\.sublime-gulp-tmp.js:1:82)
    at Module._compile (module.js:413:34)
    at Object.Module._extensions..js (module.js:422:10)
    at Module.load (module.js:357:32)
    at Function.Module._load (module.js:314:12)
    at Module.require (module.js:367:17)
